Der Buildvorgang wurde am 30.06.2014 22:45:53 gestartet.
     1>Projekt "D:\git\cg-opengl\externals\zlib\zlib.vcxproj" auf Knoten "2", Build Ziel(e).
     1>ClCompile:
         C:\Program Files (x86)\Microsoft Visual Studio 12.0\VC\bin\x86_amd64\CL.exe /c /I.\ /Zi /nologo /W3 /WX- /sdl /Od /D WIN32 /D ZLIB_WINAPI /D _CRT_NONSTDC_NO_DEPRECATE /D _CRT_SECURE_NO_DEPRECATE /D _CRT_NONSTDC_NO_WARNINGS /D _DEBUG /D _LIB /D _UNICODE /D UNICODE /Gm /EHsc /RTC1 /MDd /GS /fp:precise /Zc:wchar_t /Zc:forScope /Fo"D:\git\cg-opengl\build\x64\zlib\Debug\\" /Fd"D:\git\cg-opengl\build\x64\zlib\Debug\vc120.pdb" /Gd /TC /errorReport:prompt adler32.c compress.c contrib\minizip\ioapi.c crc32.c deflate.c gzclose.c gzlib.c gzread.c gzwrite.c infback.c inffast.c inflate.c inftrees.c trees.c uncompr.c zutil.c
         zutil.c
         uncompr.c
         trees.c
         inftrees.c
         inflate.c
         inffast.c
         infback.c
         gzwrite.c
         gzread.c
         gzlib.c
         gzclose.c
         deflate.c
         crc32.c
         ioapi.c
         compress.c
         adler32.c
         Code wird generiert...
       ResourceCompile:
         C:\Program Files (x86)\Windows Kits\8.1\bin\x86\rc.exe /D _UNICODE /D UNICODE /l"0x0409" /nologo /fo"D:\git\cg-opengl\build\x64\zlib\Debug\zlib.res" contrib\vstudio\vc10\zlib.rc 
       Lib:
         C:\Program Files (x86)\Microsoft Visual Studio 12.0\VC\bin\x86_amd64\Lib.exe /OUT:"D:\git\cg-opengl\bin\x64\Debug\zlib.lib" /NOLOGO /MACHINE:X64 "D:\git\cg-opengl\build\x64\zlib\Debug\zlib.res"
         "D:\git\cg-opengl\build\x64\zlib\Debug\adler32.obj"
         "D:\git\cg-opengl\build\x64\zlib\Debug\compress.obj"
         "D:\git\cg-opengl\build\x64\zlib\Debug\ioapi.obj"
         "D:\git\cg-opengl\build\x64\zlib\Debug\crc32.obj"
         "D:\git\cg-opengl\build\x64\zlib\Debug\deflate.obj"
         "D:\git\cg-opengl\build\x64\zlib\Debug\gzclose.obj"
         "D:\git\cg-opengl\build\x64\zlib\Debug\gzlib.obj"
         "D:\git\cg-opengl\build\x64\zlib\Debug\gzread.obj"
         "D:\git\cg-opengl\build\x64\zlib\Debug\gzwrite.obj"
         "D:\git\cg-opengl\build\x64\zlib\Debug\infback.obj"
         "D:\git\cg-opengl\build\x64\zlib\Debug\inffast.obj"
         "D:\git\cg-opengl\build\x64\zlib\Debug\inflate.obj"
         "D:\git\cg-opengl\build\x64\zlib\Debug\inftrees.obj"
         "D:\git\cg-opengl\build\x64\zlib\Debug\trees.obj"
         "D:\git\cg-opengl\build\x64\zlib\Debug\uncompr.obj"
         "D:\git\cg-opengl\build\x64\zlib\Debug\zutil.obj"
         zlib.vcxproj -> D:\git\cg-opengl\bin\x64\Debug\zlib.lib
     1>Die Erstellung des Projekts "D:\git\cg-opengl\externals\zlib\zlib.vcxproj" ist abgeschlossen, Build Ziel(e).

Build erfolgreich.

Verstrichene Zeit 00:00:06.85
