Der Buildvorgang wurde am 30.06.2014 22:43:14 gestartet.
     1>Projekt "D:\git\cg-opengl\source\Application\Application.vcxproj" auf Knoten "4", Build Ziel(e).
     1>ClCompile:
         C:\Program Files (x86)\Microsoft Visual Studio 12.0\VC\bin\CL.exe /c /I"D:\git\cg-opengl\source\GLUtils" /I"D:\git\cg-opengl\externals\glm" /I"D:\git\cg-opengl\externals\freeglut\include" /I"D:\git\cg-opengl\externals\glew\include" /I"D:\git\cg-opengl\source\Gui" /I"D:\git\cg-opengl\source\Terrain" /I"D:\git\cg-opengl\source\Data" /I"D:\git\cg-opengl\source\DataRendering" /ZI /nologo /W3 /WX- /Od /Oy- /D GLEW_STATIC /D FREEGLUT_STATIC /D FREEGLUT_LIB_PRAGMAS=0 /D WIN32 /D _DEBUG /D _CONSOLE /D _UNICODE /D UNICODE /Gm /EHsc /RTC1 /MDd /GS /fp:precise /Zc:wchar_t /Zc:forScope /Fo"D:\git\cg-opengl\build\Win32\Application\Debug\\" /Fd"D:\git\cg-opengl\build\Win32\Application\Debug\vc120.pdb" /Gd /TP /analyze- /errorReport:prompt Application.cpp Main.cpp OpenGLWindow.cpp
         OpenGLWindow.cpp
         Main.cpp
         Application.cpp
         Code wird generiert...
       Link:
         C:\Program Files (x86)\Microsoft Visual Studio 12.0\VC\bin\link.exe /ERRORREPORT:PROMPT /OUT:"D:\git\cg-opengl\bin\Win32\Debug\Application.exe" /INCREMENTAL /NOLOGO /LIBPATH:"D:\git\cg-opengl\bin\Win32\Debug\\" winmm.lib opengl32.lib glu32.lib glew.lib kernel32.lib user32.lib freeglut.lib gdi32.lib winspool.lib comdlg32.lib advapi32.lib shell32.lib ole32.lib oleaut32.lib uuid.lib odbc32.lib odbccp32.lib /MANIFEST /MANIFESTUAC:"level='asInvoker' uiAccess='false'" /manifest:embed /DEBUG /PDB:"D:\git\cg-opengl\bin\Win32\Debug\Application.pdb" /SUBSYSTEM:CONSOLE /TLBID:1 /DYNAMICBASE /NXCOMPAT /IMPLIB:"D:\git\cg-opengl\bin\Win32\Debug\Application.lib" /MACHINE:X86 "D:\git\cg-opengl\build\Win32\Application\Debug\Application.obj"
         "D:\git\cg-opengl\build\Win32\Application\Debug\Main.obj"
         "D:\git\cg-opengl\build\Win32\Application\Debug\OpenGLWindow.obj"
         "D:\git\cg-opengl\bin\Win32\Debug\freeglut.lib"
         "D:\git\cg-opengl\bin\Win32\Debug\glew.lib"
         "D:\git\cg-opengl\bin\Win32\Debug\GLUtils.lib"
         "D:\git\cg-opengl\bin\Win32\Debug\Gui.lib"
         "D:\git\cg-opengl\bin\Win32\Debug\Terrain.lib"
         Application.vcxproj -> D:\git\cg-opengl\bin\Win32\Debug\Application.exe
     1>Die Erstellung des Projekts "D:\git\cg-opengl\source\Application\Application.vcxproj" ist abgeschlossen, Build Ziel(e).

Build erfolgreich.

Verstrichene Zeit 00:00:02.87
