Der Buildvorgang wurde am 30.06.2014 22:46:14 gestartet.
     1>Projekt "D:\git\cg-opengl\source\Terrain\Terrain.vcxproj" auf Knoten "4", Build Ziel(e).
     1>ClCompile:
         C:\Program Files (x86)\Microsoft Visual Studio 12.0\VC\bin\x86_amd64\CL.exe /c /I"D:\git\cg-opengl\externals\glew\include" /I"D:\git\cg-opengl\externals\glm" /I"D:\git\cg-opengl\source\GLUtils" /I"D:\git\cg-opengl\externals\freeglut\include" /Zi /nologo /W3 /WX- /Od /D GLEW_STATIC /D WIN32 /D FREEGLUT_STATIC /D FREEGLUT_LIB_PRAGMAS=0 /D _DEBUG /D _WINDOWS /D _USRDLL /D ADDITIONALELEMENTS_EXPORTS /D _WINDLL /D _UNICODE /D UNICODE /Gm /EHsc /RTC1 /MDd /GS /fp:precise /Zc:wchar_t /Zc:forScope /Yc"TerrainPrecompiled.h" /Fp"D:\git\cg-opengl\build\x64\Terrain\Debug\Terrain.pch" /Fo"D:\git\cg-opengl\build\x64\Terrain\Debug\\" /Fd"D:\git\cg-opengl\build\x64\Terrain\Debug\vc120.pdb" /Gd /TP /errorReport:prompt TerrainPrecompiled.cpp
         TerrainPrecompiled.cpp
         C:\Program Files (x86)\Microsoft Visual Studio 12.0\VC\bin\x86_amd64\CL.exe /c /I"D:\git\cg-opengl\externals\glew\include" /I"D:\git\cg-opengl\externals\glm" /I"D:\git\cg-opengl\source\GLUtils" /I"D:\git\cg-opengl\externals\freeglut\include" /Zi /nologo /W3 /WX- /Od /D GLEW_STATIC /D WIN32 /D FREEGLUT_STATIC /D FREEGLUT_LIB_PRAGMAS=0 /D _DEBUG /D _WINDOWS /D _USRDLL /D ADDITIONALELEMENTS_EXPORTS /D _WINDLL /D _UNICODE /D UNICODE /Gm /EHsc /RTC1 /MDd /GS /fp:precise /Zc:wchar_t /Zc:forScope /Yu"TerrainPrecompiled.h" /Fp"D:\git\cg-opengl\build\x64\Terrain\Debug\Terrain.pch" /Fo"D:\git\cg-opengl\build\x64\Terrain\Debug\\" /Fd"D:\git\cg-opengl\build\x64\Terrain\Debug\vc120.pdb" /Gd /TP /errorReport:prompt ErrorMetric.cpp RasterTerrainModel.cpp TerrainModel.cpp TinyViewer.cpp ChunkedTerrainModel.cpp
         ChunkedTerrainModel.cpp
         TinyViewer.cpp
         TerrainModel.cpp
         RasterTerrainModel.cpp
         ErrorMetric.cpp
         Code wird generiert...
       Link:
         C:\Program Files (x86)\Microsoft Visual Studio 12.0\VC\bin\x86_amd64\link.exe /ERRORREPORT:PROMPT /OUT:"D:\git\cg-opengl\bin\x64\Debug\Terrain.dll" /INCREMENTAL /NOLOGO /LIBPATH:"D:\git\cg-opengl\bin\x64\Debug\\" winmm.lib opengl32.lib glu32.lib glew.lib freeglut.lib kernel32.lib user32.lib gdi32.lib winspool.lib comdlg32.lib advapi32.lib shell32.lib ole32.lib oleaut32.lib uuid.lib odbc32.lib odbccp32.lib kernel32.lib user32.lib gdi32.lib winspool.lib comdlg32.lib advapi32.lib shell32.lib ole32.lib oleaut32.lib uuid.lib odbc32.lib odbccp32.lib /MANIFEST /MANIFESTUAC:"level='asInvoker' uiAccess='false'" /manifest:embed /DEBUG /PDB:"D:\git\cg-opengl\bin\x64\Debug\Terrain.pdb" /SUBSYSTEM:WINDOWS /TLBID:1 /DYNAMICBASE /NXCOMPAT /IMPLIB:"D:\git\cg-opengl\bin\x64\Debug\Terrain.lib" /MACHINE:X64 /DLL "D:\git\cg-opengl\build\x64\Terrain\Debug\TerrainPrecompiled.obj"
         "D:\git\cg-opengl\build\x64\Terrain\Debug\ErrorMetric.obj"
         "D:\git\cg-opengl\build\x64\Terrain\Debug\RasterTerrainModel.obj"
         "D:\git\cg-opengl\build\x64\Terrain\Debug\TerrainModel.obj"
         "D:\git\cg-opengl\build\x64\Terrain\Debug\TinyViewer.obj"
         "D:\git\cg-opengl\build\x64\Terrain\Debug\ChunkedTerrainModel.obj"
         "D:\git\cg-opengl\bin\x64\Debug\freeglut.lib"
         "D:\git\cg-opengl\bin\x64\Debug\glew.lib"
         "D:\git\cg-opengl\bin\x64\Debug\GLUtils.lib"
            Bibliothek "D:\git\cg-opengl\bin\x64\Debug\Terrain.lib" und Objekt "D:\git\cg-opengl\bin\x64\Debug\Terrain.exp" werden erstellt.
         Terrain.vcxproj -> D:\git\cg-opengl\bin\x64\Debug\Terrain.dll
     1>Die Erstellung des Projekts "D:\git\cg-opengl\source\Terrain\Terrain.vcxproj" ist abgeschlossen, Build Ziel(e).

Build erfolgreich.

Verstrichene Zeit 00:00:02.19
