Der Buildvorgang wurde am 30.06.2014 22:46:09 gestartet.
     1>Projekt "D:\git\cg-opengl\source\GLUtils\GLUtils.vcxproj" auf Knoten "3", Build Ziel(e).
     1>ClCompile:
         C:\Program Files (x86)\Microsoft Visual Studio 12.0\VC\bin\x86_amd64\CL.exe /c /I"D:\git\cg-opengl\externals\glm" /I"D:\git\cg-opengl\externals\libpng" /I"D:\git\cg-opengl\externals\glew\include" /Zi /nologo /W3 /WX- /Od /D GLEW_STATIC /D WIN32 /D _DEBUG /D _LIB /D _WINDLL /D _UNICODE /D UNICODE /Gm /EHsc /RTC1 /MDd /GS /fp:precise /Zc:wchar_t /Zc:forScope /Yc"GLUtilsPrecompiled.h" /Fp"D:\git\cg-opengl\build\x64\GLUtils\Debug\GLUtils.pch" /Fo"D:\git\cg-opengl\build\x64\GLUtils\Debug\\" /Fd"D:\git\cg-opengl\build\x64\GLUtils\Debug\vc120.pdb" /Gd /TP /errorReport:prompt GLUtilsPrecompiled.cpp
         GLUtilsPrecompiled.cpp
         C:\Program Files (x86)\Microsoft Visual Studio 12.0\VC\bin\x86_amd64\CL.exe /c /I"D:\git\cg-opengl\externals\glm" /I"D:\git\cg-opengl\externals\libpng" /I"D:\git\cg-opengl\externals\glew\include" /Zi /nologo /W3 /WX- /Od /D GLEW_STATIC /D WIN32 /D _DEBUG /D _LIB /D _WINDLL /D _UNICODE /D UNICODE /Gm /EHsc /RTC1 /MDd /GS /fp:precise /Zc:wchar_t /Zc:forScope /Yu"GLUtilsPrecompiled.h" /Fp"D:\git\cg-opengl\build\x64\GLUtils\Debug\GLUtils.pch" /Fo"D:\git\cg-opengl\build\x64\GLUtils\Debug\\" /Fd"D:\git\cg-opengl\build\x64\GLUtils\Debug\vc120.pdb" /Gd /TP /errorReport:prompt GLDisplayList.cpp GLEffect.cpp GLEffectManager.cpp GLFrameBuffer.cpp GLCamera.cpp GLShaderCollection.cpp GLShaderProgram.cpp GLShaderUtils.cpp GLTesselator.cpp GLUtilities.cpp Helper.cpp Plane.cpp GLTexture.cpp GLRenderTarget.cpp ViewFrustum.cpp
         ViewFrustum.cpp
         GLRenderTarget.cpp
         GLTexture.cpp
         Plane.cpp
         Helper.cpp
         GLUtilities.cpp
         GLTesselator.cpp
         GLShaderUtils.cpp
         GLShaderProgram.cpp
         GLShaderCollection.cpp
         GLCamera.cpp
         GLFrameBuffer.cpp
         GLEffectManager.cpp
         GLEffect.cpp
         GLDisplayList.cpp
         Code wird generiert...
       Link:
         C:\Program Files (x86)\Microsoft Visual Studio 12.0\VC\bin\x86_amd64\link.exe /ERRORREPORT:PROMPT /OUT:"D:\git\cg-opengl\bin\x64\Debug\GLUtils.dll" /INCREMENTAL:NO /NOLOGO /LIBPATH:"D:\git\cg-opengl\bin\x64\Debug\\" opengl32.lib glu32.lib glew.lib libpng.lib kernel32.lib user32.lib gdi32.lib winspool.lib comdlg32.lib advapi32.lib shell32.lib ole32.lib oleaut32.lib uuid.lib odbc32.lib odbccp32.lib /MANIFEST /MANIFESTUAC:"level='asInvoker' uiAccess='false'" /manifest:embed /DEBUG /PDB:"D:\git\cg-opengl\bin\x64\Debug\GLUtils.pdb" /SUBSYSTEM:WINDOWS /TLBID:1 /DYNAMICBASE /NXCOMPAT /IMPLIB:"D:\git\cg-opengl\bin\x64\Debug\GLUtils.lib" /MACHINE:X64 /DLL "D:\git\cg-opengl\build\x64\GLUtils\Debug\GLDisplayList.obj"
         "D:\git\cg-opengl\build\x64\GLUtils\Debug\GLEffect.obj"
         "D:\git\cg-opengl\build\x64\GLUtils\Debug\GLEffectManager.obj"
         "D:\git\cg-opengl\build\x64\GLUtils\Debug\GLFrameBuffer.obj"
         "D:\git\cg-opengl\build\x64\GLUtils\Debug\GLCamera.obj"
         "D:\git\cg-opengl\build\x64\GLUtils\Debug\GLShaderCollection.obj"
         "D:\git\cg-opengl\build\x64\GLUtils\Debug\GLShaderProgram.obj"
         "D:\git\cg-opengl\build\x64\GLUtils\Debug\GLShaderUtils.obj"
         "D:\git\cg-opengl\build\x64\GLUtils\Debug\GLTesselator.obj"
         "D:\git\cg-opengl\build\x64\GLUtils\Debug\GLUtilities.obj"
         "D:\git\cg-opengl\build\x64\GLUtils\Debug\Helper.obj"
         "D:\git\cg-opengl\build\x64\GLUtils\Debug\Plane.obj"
         "D:\git\cg-opengl\build\x64\GLUtils\Debug\GLTexture.obj"
         "D:\git\cg-opengl\build\x64\GLUtils\Debug\GLRenderTarget.obj"
         "D:\git\cg-opengl\build\x64\GLUtils\Debug\GLUtilsPrecompiled.obj"
         "D:\git\cg-opengl\build\x64\GLUtils\Debug\ViewFrustum.obj"
            Bibliothek "D:\git\cg-opengl\bin\x64\Debug\GLUtils.lib" und Objekt "D:\git\cg-opengl\bin\x64\Debug\GLUtils.exp" werden erstellt.
         GLUtils.vcxproj -> D:\git\cg-opengl\bin\x64\Debug\GLUtils.dll
     1>Die Erstellung des Projekts "D:\git\cg-opengl\source\GLUtils\GLUtils.vcxproj" ist abgeschlossen, Build Ziel(e).

Build erfolgreich.

Verstrichene Zeit 00:00:05.03
