Der Buildvorgang wurde am 30.06.2014 22:46:16 gestartet.
     1>Projekt "D:\git\cg-opengl\source\Gui\Gui.vcxproj" auf Knoten "2", Build Ziel(e).
     1>ClCompile:
         C:\Program Files (x86)\Microsoft Visual Studio 12.0\VC\bin\x86_amd64\CL.exe /c /I"D:\git\cg-opengl\externals\glew\include" /I"D:\git\cg-opengl\externals\glm" /I"D:\git\cg-opengl\source\GLUtils" /I"D:\git\cg-opengl\externals\freeglut\include" /I"D:\git\cg-opengl\externals\AntTweakBar\include" /I"D:\git\cg-opengl\source\Terrain" /I"D:\git\cg-opengl\source\Data" /I"D:\git\cg-opengl\source\XMLInput" /I"D:\git\cg-opengl\source\DataRendering" /Zi /nologo /W3 /WX- /Od /D GLEW_STATIC /D WIN32 /D FREEGLUT_STATIC /D FREEGLUT_LIB_PRAGMAS=0 /D _DEBUG /D _WINDOWS /D _USRDLL /D ADDITIONALELEMENTS_EXPORTS /D _WINDLL /D _UNICODE /D UNICODE /Gm /EHsc /RTC1 /MDd /GS /fp:precise /Zc:wchar_t /Zc:forScope /openmp /Yc"GuiPrecompiled.h" /Fp"D:\git\cg-opengl\build\x64\Gui\Debug\Gui.pch" /Fo"D:\git\cg-opengl\build\x64\Gui\Debug\\" /Fd"D:\git\cg-opengl\build\x64\Gui\Debug\vc120.pdb" /Gd /TP /errorReport:prompt GuiPrecompiled.cpp
         GuiPrecompiled.cpp
         C:\Program Files (x86)\Microsoft Visual Studio 12.0\VC\bin\x86_amd64\CL.exe /c /I"D:\git\cg-opengl\externals\glew\include" /I"D:\git\cg-opengl\externals\glm" /I"D:\git\cg-opengl\source\GLUtils" /I"D:\git\cg-opengl\externals\freeglut\include" /I"D:\git\cg-opengl\externals\AntTweakBar\include" /I"D:\git\cg-opengl\source\Terrain" /I"D:\git\cg-opengl\source\Data" /I"D:\git\cg-opengl\source\XMLInput" /I"D:\git\cg-opengl\source\DataRendering" /Zi /nologo /W3 /WX- /Od /D GLEW_STATIC /D WIN32 /D FREEGLUT_STATIC /D FREEGLUT_LIB_PRAGMAS=0 /D _DEBUG /D _WINDOWS /D _USRDLL /D ADDITIONALELEMENTS_EXPORTS /D _WINDLL /D _UNICODE /D UNICODE /Gm /EHsc /RTC1 /MDd /GS /fp:precise /Zc:wchar_t /Zc:forScope /openmp /Yu"GuiPrecompiled.h" /Fp"D:\git\cg-opengl\build\x64\Gui\Debug\Gui.pch" /Fo"D:\git\cg-opengl\build\x64\Gui\Debug\\" /Fd"D:\git\cg-opengl\build\x64\Gui\Debug\vc120.pdb" /Gd /TP /errorReport:prompt Effects.cpp GlutCallbacks.cpp GuiManager.cpp HatchEffects.cpp KeyboardInterface.cpp Model.cpp MouseInterface.cpp NormalAOEffects.cpp PrimaryView.cpp SkyDome.cpp TextureEffect.cpp ViewEffect.cpp ViewStates.cpp View.cpp
         View.cpp
         ViewStates.cpp
         ViewEffect.cpp
         TextureEffect.cpp
         SkyDome.cpp
         PrimaryView.cpp
         NormalAOEffects.cpp
         MouseInterface.cpp
         Model.cpp
     1>Model.cpp(176): warning C4996: 'fscanf': This function or variable may be unsafe. Consider using fscanf_s instead. To disable deprecation, use _CRT_SECURE_NO_WARNINGS. See online help for details.
                 C:\Program Files (x86)\Microsoft Visual Studio 12.0\VC\include\stdio.h(230): Siehe Deklaration von 'fscanf'
     1>Model.cpp(190): warning C4996: 'fscanf': This function or variable may be unsafe. Consider using fscanf_s instead. To disable deprecation, use _CRT_SECURE_NO_WARNINGS. See online help for details.
                 C:\Program Files (x86)\Microsoft Visual Studio 12.0\VC\include\stdio.h(230): Siehe Deklaration von 'fscanf'
     1>Model.cpp(201): warning C4996: 'fscanf': This function or variable may be unsafe. Consider using fscanf_s instead. To disable deprecation, use _CRT_SECURE_NO_WARNINGS. See online help for details.
                 C:\Program Files (x86)\Microsoft Visual Studio 12.0\VC\include\stdio.h(230): Siehe Deklaration von 'fscanf'
     1>Model.cpp(212): warning C4996: 'fscanf': This function or variable may be unsafe. Consider using fscanf_s instead. To disable deprecation, use _CRT_SECURE_NO_WARNINGS. See online help for details.
                 C:\Program Files (x86)\Microsoft Visual Studio 12.0\VC\include\stdio.h(230): Siehe Deklaration von 'fscanf'
     1>Model.cpp(228): warning C4996: 'fscanf': This function or variable may be unsafe. Consider using fscanf_s instead. To disable deprecation, use _CRT_SECURE_NO_WARNINGS. See online help for details.
                 C:\Program Files (x86)\Microsoft Visual Studio 12.0\VC\include\stdio.h(230): Siehe Deklaration von 'fscanf'
         KeyboardInterface.cpp
         HatchEffects.cpp
         GuiManager.cpp
         GlutCallbacks.cpp
         Effects.cpp
         Code wird generiert...
       Link:
         C:\Program Files (x86)\Microsoft Visual Studio 12.0\VC\bin\x86_amd64\link.exe /ERRORREPORT:PROMPT /OUT:"D:\git\cg-opengl\bin\x64\Debug\Gui.dll" /INCREMENTAL /NOLOGO /LIBPATH:"D:\git\cg-opengl\bin\x64\Debug\\" winmm.lib opengl32.lib glu32.lib glew.lib kernel32.lib user32.lib freeglut.lib gdi32.lib winspool.lib comdlg32.lib advapi32.lib shell32.lib ole32.lib oleaut32.lib uuid.lib odbc32.lib odbccp32.lib kernel32.lib user32.lib gdi32.lib winspool.lib comdlg32.lib advapi32.lib shell32.lib ole32.lib oleaut32.lib uuid.lib odbc32.lib odbccp32.lib /MANIFEST /MANIFESTUAC:"level='asInvoker' uiAccess='false'" /manifest:embed /DEBUG /PDB:"D:\git\cg-opengl\bin\x64\Debug\Gui.pdb" /SUBSYSTEM:WINDOWS /TLBID:1 /DYNAMICBASE /NXCOMPAT /IMPLIB:"D:\git\cg-opengl\bin\x64\Debug\Gui.lib" /MACHINE:X64 /DLL "D:\git\cg-opengl\build\x64\Gui\Debug\Effects.obj"
         "D:\git\cg-opengl\build\x64\Gui\Debug\GlutCallbacks.obj"
         "D:\git\cg-opengl\build\x64\Gui\Debug\GuiManager.obj"
         "D:\git\cg-opengl\build\x64\Gui\Debug\GuiPrecompiled.obj"
         "D:\git\cg-opengl\build\x64\Gui\Debug\HatchEffects.obj"
         "D:\git\cg-opengl\build\x64\Gui\Debug\KeyboardInterface.obj"
         "D:\git\cg-opengl\build\x64\Gui\Debug\Model.obj"
         "D:\git\cg-opengl\build\x64\Gui\Debug\MouseInterface.obj"
         "D:\git\cg-opengl\build\x64\Gui\Debug\NormalAOEffects.obj"
         "D:\git\cg-opengl\build\x64\Gui\Debug\PrimaryView.obj"
         "D:\git\cg-opengl\build\x64\Gui\Debug\SkyDome.obj"
         "D:\git\cg-opengl\build\x64\Gui\Debug\TextureEffect.obj"
         "D:\git\cg-opengl\build\x64\Gui\Debug\ViewEffect.obj"
         "D:\git\cg-opengl\build\x64\Gui\Debug\ViewStates.obj"
         "D:\git\cg-opengl\build\x64\Gui\Debug\View.obj"
         "D:\git\cg-opengl\bin\x64\Debug\freeglut.lib"
         "D:\git\cg-opengl\bin\x64\Debug\glew.lib"
         "D:\git\cg-opengl\bin\x64\Debug\GLUtils.lib"
         "D:\git\cg-opengl\bin\x64\Debug\Terrain.lib"
            Bibliothek "D:\git\cg-opengl\bin\x64\Debug\Gui.lib" und Objekt "D:\git\cg-opengl\bin\x64\Debug\Gui.exp" werden erstellt.
         Gui.vcxproj -> D:\git\cg-opengl\bin\x64\Debug\Gui.dll
     1>Die Erstellung des Projekts "D:\git\cg-opengl\source\Gui\Gui.vcxproj" ist abgeschlossen, Build Ziel(e).

Build erfolgreich.

Verstrichene Zeit 00:00:05.24
